# project ns (3.13) configured on Fri Oct  7 01:56:46 2016 by
# waf 1.6.7 (abi 98, python 2070af0 on darwin)
# using ./waf configure
#
----------------------------------------
Setting top to
/Users/akshatha_g/Documents/ntu-dsi-dcn-ntu-dsi-dcn-04d826f
----------------------------------------
Setting out to
/Users/akshatha_g/Documents/ntu-dsi-dcn-ntu-dsi-dcn-04d826f/build
----------------------------------------
Checking for 'gcc' (c compiler)
find program=['gcc', 'cc'] paths='' var='CC' -> '/usr/local/gcc-6.2.0/bin/gcc-6.2.0'
find program=['ar'] paths=['/usr/local/bin', '/usr/bin', '/bin', '/usr/sbin', '/sbin', '/opt/X11/bin', '/usr/local/gcc-6.2.0/bin'] var='AR' -> '/usr/bin/ar'
/usr/local/gcc-6.2.0/bin/gcc-6.2.0
----------------------------------------
Checking for 'g++' (c++ compiler)
find program=['g++', 'c++'] paths='' var='CXX' -> '/usr/local/gcc-6.2.0/bin/g++-6.2.0'
(tool ar is already loaded, skipping)
/usr/local/gcc-6.2.0/bin/g++-6.2.0
----------------------------------------
Checking for program pkg-config
not found
find program=['pkg-config'] paths=['/usr/local/bin', '/usr/bin', '/bin', '/usr/sbin', '/sbin', '/opt/X11/bin', '/usr/local/gcc-6.2.0/bin'] var='PKG_CONFIG' -> ''
from /Users/akshatha_g/Documents/ntu-dsi-dcn-ntu-dsi-dcn-04d826f: Could not find the program pkg-config
----------------------------------------
Checking for click location
not found
from /Users/akshatha_g/Documents/ntu-dsi-dcn-ntu-dsi-dcn-04d826f/src/config-store: pkg-config is not available
from /Users/akshatha_g/Documents/ntu-dsi-dcn-ntu-dsi-dcn-04d826f/src/config-store: pkg-config is not available
----------------------------------------
Checking for type uint128_t
==>
#include <stdint.h>

int main() {
	if ((uint128_t *) 0) return 0;
	if (sizeof (uint128_t)) return 0;
}

<==
[1/2] [32mcxx: build/.conf_check_9a9aa0a48a7447bdd461f06307f32dc7/test.cpp -> build/.conf_check_9a9aa0a48a7447bdd461f06307f32dc7/testbuild/test.cpp.1.o
[0m
['/usr/local/gcc-6.2.0/bin/g++-6.2.0', '-O0', '-ggdb', '-g3', '-Wall', '-fstrict-aliasing', '-Wstrict-aliasing', '-Wno-error=deprecated-declarations', '-Wno-narrowing', '-DNS3_ASSERT_ENABLE', '-DNS3_LOG_ENABLE', '../test.cpp', '-c', '-o', 'test.cpp.1.o']
err: ../test.cpp: In function â€˜int main()â€™:
../test.cpp:4:7: error: â€˜uint128_tâ€™ was not declared in this scope
  if ((uint128_t *) 0) return 0;
       ^~~~~~~~~
../test.cpp:4:18: error: expected primary-expression before â€˜)â€™ token
  if ((uint128_t *) 0) return 0;
                  ^
../test.cpp:4:20: error: expected â€˜)â€™ before numeric constant
  if ((uint128_t *) 0) return 0;
                    ^
../test.cpp:5:14: error: â€˜uint128_tâ€™ was not declared in this scope
  if (sizeof (uint128_t)) return 0;
              ^~~~~~~~~

from /Users/akshatha_g/Documents/ntu-dsi-dcn-ntu-dsi-dcn-04d826f/src/core: Test does not build: Traceback (most recent call last):
  File "/Users/akshatha_g/Documents/ntu-dsi-dcn-ntu-dsi-dcn-04d826f/.waf-1.6.7-0a94702c61504c487a251b8d0a04ca9a/waflib/Tools/c_config.py", line 435, in run_c_code
    bld.compile()
  File "/Users/akshatha_g/Documents/ntu-dsi-dcn-ntu-dsi-dcn-04d826f/.waf-1.6.7-0a94702c61504c487a251b8d0a04ca9a/waflib/Build.py", line 193, in compile
    raise Errors.BuildError(self.producer.error)
BuildError: Build failed
 -> task failed (exit status 1): 
	{task 4324682192: cxx test.cpp -> test.cpp.1.o}
['/usr/local/gcc-6.2.0/bin/g++-6.2.0', '-O0', '-ggdb', '-g3', '-Wall', '-fstrict-aliasing', '-Wstrict-aliasing', '-Wno-error=deprecated-declarations', '-Wno-narrowing', '-DNS3_ASSERT_ENABLE', '-DNS3_LOG_ENABLE', '../test.cpp', '-c', '-o', 'test.cpp.1.o']

not found
from /Users/akshatha_g/Documents/ntu-dsi-dcn-ntu-dsi-dcn-04d826f/src/core: The configuration failed
----------------------------------------
Checking for type __uint128_t
==>
#include <stdint.h>

int main() {
	if ((__uint128_t *) 0) return 0;
	if (sizeof (__uint128_t)) return 0;
}

<==
[1/2] [32mcxx: build/.conf_check_703a8a276d4ad265d967b1b45f1fc578/test.cpp -> build/.conf_check_703a8a276d4ad265d967b1b45f1fc578/testbuild/test.cpp.1.o
[0m
['/usr/local/gcc-6.2.0/bin/g++-6.2.0', '-O0', '-ggdb', '-g3', '-Wall', '-fstrict-aliasing', '-Wstrict-aliasing', '-Wno-error=deprecated-declarations', '-Wno-narrowing', '-DNS3_ASSERT_ENABLE', '-DNS3_LOG_ENABLE', '../test.cpp', '-c', '-o', 'test.cpp.1.o']
[2/2] [33mcxxprogram: build/.conf_check_703a8a276d4ad265d967b1b45f1fc578/testbuild/test.cpp.1.o -> build/.conf_check_703a8a276d4ad265d967b1b45f1fc578/testbuild/testprog
[0m
['/usr/local/gcc-6.2.0/bin/g++-6.2.0', 'test.cpp.1.o', '-o', '/Users/akshatha_g/Documents/ntu-dsi-dcn-ntu-dsi-dcn-04d826f/build/.conf_check_703a8a276d4ad265d967b1b45f1fc578/testbuild/testprog']
yes
-------------------------------------------
Checking high precision time implementation
128-bit integer
-------------------------------------------
Checking for header stdint.h
==>
#include <stdint.h>

int main() {
	return 0;
}

<==
[1/2] [32mcxx: build/.conf_check_c59373285bc13999c3df79164cb29af1/test.cpp -> build/.conf_check_c59373285bc13999c3df79164cb29af1/testbuild/test.cpp.1.o
[0m
['/usr/local/gcc-6.2.0/bin/g++-6.2.0', '-O0', '-ggdb', '-g3', '-Wall', '-fstrict-aliasing', '-Wstrict-aliasing', '-Wno-error=deprecated-declarations', '-Wno-narrowing', '-DNS3_ASSERT_ENABLE', '-DNS3_LOG_ENABLE', '-DHAVE___UINT128_T=1', '-DINT64X64_USE_128=1', '../test.cpp', '-c', '-o', 'test.cpp.1.o']
[2/2] [33mcxxprogram: build/.conf_check_c59373285bc13999c3df79164cb29af1/testbuild/test.cpp.1.o -> build/.conf_check_c59373285bc13999c3df79164cb29af1/testbuild/testprog
[0m
['/usr/local/gcc-6.2.0/bin/g++-6.2.0', 'test.cpp.1.o', '-o', '/Users/akshatha_g/Documents/ntu-dsi-dcn-ntu-dsi-dcn-04d826f/build/.conf_check_c59373285bc13999c3df79164cb29af1/testbuild/testprog']
yes
-------------------------------------------
Checking for header inttypes.h
==>
#include <inttypes.h>

int main() {
	return 0;
}

<==
[1/2] [32mcxx: build/.conf_check_591f7be6a22ba3cd4f507fd8bc09bd2a/test.cpp -> build/.conf_check_591f7be6a22ba3cd4f507fd8bc09bd2a/testbuild/test.cpp.1.o
[0m
['/usr/local/gcc-6.2.0/bin/g++-6.2.0', '-O0', '-ggdb', '-g3', '-Wall', '-fstrict-aliasing', '-Wstrict-aliasing', '-Wno-error=deprecated-declarations', '-Wno-narrowing', '-DNS3_ASSERT_ENABLE', '-DNS3_LOG_ENABLE', '-DHAVE___UINT128_T=1', '-DINT64X64_USE_128=1', '-DHAVE_STDINT_H=1', '../test.cpp', '-c', '-o', 'test.cpp.1.o']
[2/2] [33mcxxprogram: build/.conf_check_591f7be6a22ba3cd4f507fd8bc09bd2a/testbuild/test.cpp.1.o -> build/.conf_check_591f7be6a22ba3cd4f507fd8bc09bd2a/testbuild/testprog
[0m
['/usr/local/gcc-6.2.0/bin/g++-6.2.0', 'test.cpp.1.o', '-o', '/Users/akshatha_g/Documents/ntu-dsi-dcn-ntu-dsi-dcn-04d826f/build/.conf_check_591f7be6a22ba3cd4f507fd8bc09bd2a/testbuild/testprog']
yes
-------------------------------------------
Checking for header sys/inttypes.h
==>
#include <sys/inttypes.h>

int main() {
	return 0;
}

<==
[1/2] [32mcxx: build/.conf_check_2ca1edb217ad9cef6c81468eb5adffbb/test.cpp -> build/.conf_check_2ca1edb217ad9cef6c81468eb5adffbb/testbuild/test.cpp.1.o
[0m
['/usr/local/gcc-6.2.0/bin/g++-6.2.0', '-O0', '-ggdb', '-g3', '-Wall', '-fstrict-aliasing', '-Wstrict-aliasing', '-Wno-error=deprecated-declarations', '-Wno-narrowing', '-DNS3_ASSERT_ENABLE', '-DNS3_LOG_ENABLE', '-DHAVE___UINT128_T=1', '-DINT64X64_USE_128=1', '-DHAVE_STDINT_H=1', '-DHAVE_INTTYPES_H=1', '../test.cpp', '-c', '-o', 'test.cpp.1.o']
err: ../test.cpp:1:26: fatal error: sys/inttypes.h: No such file or directory
 #include <sys/inttypes.h>
                          ^
compilation terminated.

from /Users/akshatha_g/Documents/ntu-dsi-dcn-ntu-dsi-dcn-04d826f/src/core: Test does not build: Traceback (most recent call last):
  File "/Users/akshatha_g/Documents/ntu-dsi-dcn-ntu-dsi-dcn-04d826f/.waf-1.6.7-0a94702c61504c487a251b8d0a04ca9a/waflib/Tools/c_config.py", line 435, in run_c_code
    bld.compile()
  File "/Users/akshatha_g/Documents/ntu-dsi-dcn-ntu-dsi-dcn-04d826f/.waf-1.6.7-0a94702c61504c487a251b8d0a04ca9a/waflib/Build.py", line 193, in compile
    raise Errors.BuildError(self.producer.error)
BuildError: Build failed
 -> task failed (exit status 1): 
	{task 4324438480: cxx test.cpp -> test.cpp.1.o}
['/usr/local/gcc-6.2.0/bin/g++-6.2.0', '-O0', '-ggdb', '-g3', '-Wall', '-fstrict-aliasing', '-Wstrict-aliasing', '-Wno-error=deprecated-declarations', '-Wno-narrowing', '-DNS3_ASSERT_ENABLE', '-DNS3_LOG_ENABLE', '-DHAVE___UINT128_T=1', '-DINT64X64_USE_128=1', '-DHAVE_STDINT_H=1', '-DHAVE_INTTYPES_H=1', '../test.cpp', '-c', '-o', 'test.cpp.1.o']

not found
from /Users/akshatha_g/Documents/ntu-dsi-dcn-ntu-dsi-dcn-04d826f/src/core: The configuration failed
-------------------------------------------
Checking for header sys/types.h
==>
#include <sys/types.h>

int main() {
	return 0;
}

<==
[1/2] [32mcxx: build/.conf_check_293985459965597c97c3759b44ed252b/test.cpp -> build/.conf_check_293985459965597c97c3759b44ed252b/testbuild/test.cpp.1.o
[0m
['/usr/local/gcc-6.2.0/bin/g++-6.2.0', '-O0', '-ggdb', '-g3', '-Wall', '-fstrict-aliasing', '-Wstrict-aliasing', '-Wno-error=deprecated-declarations', '-Wno-narrowing', '-DNS3_ASSERT_ENABLE', '-DNS3_LOG_ENABLE', '-DHAVE___UINT128_T=1', '-DINT64X64_USE_128=1', '-DHAVE_STDINT_H=1', '-DHAVE_INTTYPES_H=1', '../test.cpp', '-c', '-o', 'test.cpp.1.o']
[2/2] [33mcxxprogram: build/.conf_check_293985459965597c97c3759b44ed252b/testbuild/test.cpp.1.o -> build/.conf_check_293985459965597c97c3759b44ed252b/testbuild/testprog
[0m
['/usr/local/gcc-6.2.0/bin/g++-6.2.0', 'test.cpp.1.o', '-o', '/Users/akshatha_g/Documents/ntu-dsi-dcn-ntu-dsi-dcn-04d826f/build/.conf_check_293985459965597c97c3759b44ed252b/testbuild/testprog']
yes
-------------------------------------------
Checking for header sys/stat.h
==>
#include <sys/stat.h>

int main() {
	return 0;
}

<==
[1/2] [32mcxx: build/.conf_check_114df6287ed99356d14a06682bc98197/test.cpp -> build/.conf_check_114df6287ed99356d14a06682bc98197/testbuild/test.cpp.1.o
[0m
['/usr/local/gcc-6.2.0/bin/g++-6.2.0', '-O0', '-ggdb', '-g3', '-Wall', '-fstrict-aliasing', '-Wstrict-aliasing', '-Wno-error=deprecated-declarations', '-Wno-narrowing', '-DNS3_ASSERT_ENABLE', '-DNS3_LOG_ENABLE', '-DHAVE___UINT128_T=1', '-DINT64X64_USE_128=1', '-DHAVE_STDINT_H=1', '-DHAVE_INTTYPES_H=1', '-DHAVE_SYS_TYPES_H=1', '../test.cpp', '-c', '-o', 'test.cpp.1.o']
[2/2] [33mcxxprogram: build/.conf_check_114df6287ed99356d14a06682bc98197/testbuild/test.cpp.1.o -> build/.conf_check_114df6287ed99356d14a06682bc98197/testbuild/testprog
[0m
['/usr/local/gcc-6.2.0/bin/g++-6.2.0', 'test.cpp.1.o', '-o', '/Users/akshatha_g/Documents/ntu-dsi-dcn-ntu-dsi-dcn-04d826f/build/.conf_check_114df6287ed99356d14a06682bc98197/testbuild/testprog']
yes
-------------------------------------------
Checking for header dirent.h
==>
#include <dirent.h>

int main() {
	return 0;
}

<==
[1/2] [32mcxx: build/.conf_check_38008f7ca978e5462e378992d39050f1/test.cpp -> build/.conf_check_38008f7ca978e5462e378992d39050f1/testbuild/test.cpp.1.o
[0m
['/usr/local/gcc-6.2.0/bin/g++-6.2.0', '-O0', '-ggdb', '-g3', '-Wall', '-fstrict-aliasing', '-Wstrict-aliasing', '-Wno-error=deprecated-declarations', '-Wno-narrowing', '-DNS3_ASSERT_ENABLE', '-DNS3_LOG_ENABLE', '-DHAVE___UINT128_T=1', '-DINT64X64_USE_128=1', '-DHAVE_STDINT_H=1', '-DHAVE_INTTYPES_H=1', '-DHAVE_SYS_TYPES_H=1', '-DHAVE_SYS_STAT_H=1', '../test.cpp', '-c', '-o', 'test.cpp.1.o']
[2/2] [33mcxxprogram: build/.conf_check_38008f7ca978e5462e378992d39050f1/testbuild/test.cpp.1.o -> build/.conf_check_38008f7ca978e5462e378992d39050f1/testbuild/testprog
[0m
['/usr/local/gcc-6.2.0/bin/g++-6.2.0', 'test.cpp.1.o', '-o', '/Users/akshatha_g/Documents/ntu-dsi-dcn-ntu-dsi-dcn-04d826f/build/.conf_check_38008f7ca978e5462e378992d39050f1/testbuild/testprog']
yes
-------------------------------------------
Checking for header stdlib.h
==>
#include <stdlib.h>

int main() {
	return 0;
}

<==
[1/2] [32mcxx: build/.conf_check_29f41b0aad55c9546dfc9b7ce9859059/test.cpp -> build/.conf_check_29f41b0aad55c9546dfc9b7ce9859059/testbuild/test.cpp.1.o
[0m
['/usr/local/gcc-6.2.0/bin/g++-6.2.0', '-O0', '-ggdb', '-g3', '-Wall', '-fstrict-aliasing', '-Wstrict-aliasing', '-Wno-error=deprecated-declarations', '-Wno-narrowing', '-DNS3_ASSERT_ENABLE', '-DNS3_LOG_ENABLE', '-DHAVE___UINT128_T=1', '-DINT64X64_USE_128=1', '-DHAVE_STDINT_H=1', '-DHAVE_INTTYPES_H=1', '-DHAVE_SYS_TYPES_H=1', '-DHAVE_SYS_STAT_H=1', '-DHAVE_DIRENT_H=1', '../test.cpp', '-c', '-o', 'test.cpp.1.o']
[2/2] [33mcxxprogram: build/.conf_check_29f41b0aad55c9546dfc9b7ce9859059/testbuild/test.cpp.1.o -> build/.conf_check_29f41b0aad55c9546dfc9b7ce9859059/testbuild/testprog
[0m
['/usr/local/gcc-6.2.0/bin/g++-6.2.0', 'test.cpp.1.o', '-o', '/Users/akshatha_g/Documents/ntu-dsi-dcn-ntu-dsi-dcn-04d826f/build/.conf_check_29f41b0aad55c9546dfc9b7ce9859059/testbuild/testprog']
yes
-------------------------------------------
Checking for header signal.h
==>
#include <signal.h>

int main() {
	return 0;
}

<==
[1/2] [32mcxx: build/.conf_check_cc227f9b4319ad1c726eca4fb806395e/test.cpp -> build/.conf_check_cc227f9b4319ad1c726eca4fb806395e/testbuild/test.cpp.1.o
[0m
['/usr/local/gcc-6.2.0/bin/g++-6.2.0', '-O0', '-ggdb', '-g3', '-Wall', '-fstrict-aliasing', '-Wstrict-aliasing', '-Wno-error=deprecated-declarations', '-Wno-narrowing', '-DNS3_ASSERT_ENABLE', '-DNS3_LOG_ENABLE', '-DHAVE___UINT128_T=1', '-DINT64X64_USE_128=1', '-DHAVE_STDINT_H=1', '-DHAVE_INTTYPES_H=1', '-DHAVE_SYS_TYPES_H=1', '-DHAVE_SYS_STAT_H=1', '-DHAVE_DIRENT_H=1', '-DHAVE_STDLIB_H=1', '-DHAVE_GETENV=1', '../test.cpp', '-c', '-o', 'test.cpp.1.o']
[2/2] [33mcxxprogram: build/.conf_check_cc227f9b4319ad1c726eca4fb806395e/testbuild/test.cpp.1.o -> build/.conf_check_cc227f9b4319ad1c726eca4fb806395e/testbuild/testprog
[0m
['/usr/local/gcc-6.2.0/bin/g++-6.2.0', 'test.cpp.1.o', '-o', '/Users/akshatha_g/Documents/ntu-dsi-dcn-ntu-dsi-dcn-04d826f/build/.conf_check_cc227f9b4319ad1c726eca4fb806395e/testbuild/testprog']
yes
-------------------------------------------
Checking for header pthread.h
==>

#include <pthread.h>
int main ()
{
   pthread_mutex_t m;
   pthread_mutex_init (&m, NULL);
   return 0;
}

<==
[1/2] [32mcxx: build/.conf_check_2be466e82e703a744ee152afe2b58299/test.cpp -> build/.conf_check_2be466e82e703a744ee152afe2b58299/testbuild/test.cpp.1.o
[0m
['/usr/local/gcc-6.2.0/bin/g++-6.2.0', '-O0', '-ggdb', '-g3', '-Wall', '-fstrict-aliasing', '-Wstrict-aliasing', '-Wno-error=deprecated-declarations', '-Wno-narrowing', '-DNS3_ASSERT_ENABLE', '-DNS3_LOG_ENABLE', '-DHAVE___UINT128_T=1', '-DINT64X64_USE_128=1', '-DHAVE_STDINT_H=1', '-DHAVE_INTTYPES_H=1', '-DHAVE_SYS_TYPES_H=1', '-DHAVE_SYS_STAT_H=1', '-DHAVE_DIRENT_H=1', '-DHAVE_STDLIB_H=1', '-DHAVE_GETENV=1', '-DHAVE_SIGNAL_H=1', '../test.cpp', '-c', '-o', 'test.cpp.1.o']
[2/2] [33mcxxprogram: build/.conf_check_2be466e82e703a744ee152afe2b58299/testbuild/test.cpp.1.o -> build/.conf_check_2be466e82e703a744ee152afe2b58299/testbuild/testprog
[0m
['/usr/local/gcc-6.2.0/bin/g++-6.2.0', 'test.cpp.1.o', '-o', '/Users/akshatha_g/Documents/ntu-dsi-dcn-ntu-dsi-dcn-04d826f/build/.conf_check_2be466e82e703a744ee152afe2b58299/testbuild/testprog']
yes
-------------------------------------------
Checking for header stdint.h
==>
#include <stdint.h>

int main() {
	return 0;
}

<==
[1/2] [32mcxx: build/.conf_check_c59373285bc13999c3df79164cb29af1/test.cpp -> build/.conf_check_c59373285bc13999c3df79164cb29af1/testbuild/test.cpp.1.o
[0m
['/usr/local/gcc-6.2.0/bin/g++-6.2.0', '-O0', '-ggdb', '-g3', '-Wall', '-fstrict-aliasing', '-Wstrict-aliasing', '-Wno-error=deprecated-declarations', '-Wno-narrowing', '-DNS3_ASSERT_ENABLE', '-DNS3_LOG_ENABLE', '-DHAVE___UINT128_T=1', '-DINT64X64_USE_128=1', '-DHAVE_INTTYPES_H=1', '-DHAVE_SYS_TYPES_H=1', '-DHAVE_SYS_STAT_H=1', '-DHAVE_DIRENT_H=1', '-DHAVE_STDLIB_H=1', '-DHAVE_GETENV=1', '-DHAVE_SIGNAL_H=1', '-DHAVE_PTHREAD_H=1', '../test.cpp', '-c', '-o', 'test.cpp.1.o']
[2/2] [33mcxxprogram: build/.conf_check_c59373285bc13999c3df79164cb29af1/testbuild/test.cpp.1.o -> build/.conf_check_c59373285bc13999c3df79164cb29af1/testbuild/testprog
[0m
['/usr/local/gcc-6.2.0/bin/g++-6.2.0', 'test.cpp.1.o', '-o', '/Users/akshatha_g/Documents/ntu-dsi-dcn-ntu-dsi-dcn-04d826f/build/.conf_check_c59373285bc13999c3df79164cb29af1/testbuild/testprog']
yes
-------------------------------------------
Checking for header inttypes.h
==>
#include <inttypes.h>

int main() {
	return 0;
}

<==
[1/2] [32mcxx: build/.conf_check_591f7be6a22ba3cd4f507fd8bc09bd2a/test.cpp -> build/.conf_check_591f7be6a22ba3cd4f507fd8bc09bd2a/testbuild/test.cpp.1.o
[0m
['/usr/local/gcc-6.2.0/bin/g++-6.2.0', '-O0', '-ggdb', '-g3', '-Wall', '-fstrict-aliasing', '-Wstrict-aliasing', '-Wno-error=deprecated-declarations', '-Wno-narrowing', '-DNS3_ASSERT_ENABLE', '-DNS3_LOG_ENABLE', '-DHAVE___UINT128_T=1', '-DINT64X64_USE_128=1', '-DHAVE_SYS_TYPES_H=1', '-DHAVE_SYS_STAT_H=1', '-DHAVE_DIRENT_H=1', '-DHAVE_STDLIB_H=1', '-DHAVE_GETENV=1', '-DHAVE_SIGNAL_H=1', '-DHAVE_PTHREAD_H=1', '-DHAVE_STDINT_H=1', '../test.cpp', '-c', '-o', 'test.cpp.1.o']
[2/2] [33mcxxprogram: build/.conf_check_591f7be6a22ba3cd4f507fd8bc09bd2a/testbuild/test.cpp.1.o -> build/.conf_check_591f7be6a22ba3cd4f507fd8bc09bd2a/testbuild/testprog
[0m
['/usr/local/gcc-6.2.0/bin/g++-6.2.0', 'test.cpp.1.o', '-o', '/Users/akshatha_g/Documents/ntu-dsi-dcn-ntu-dsi-dcn-04d826f/build/.conf_check_591f7be6a22ba3cd4f507fd8bc09bd2a/testbuild/testprog']
yes
-------------------------------------------
Checking for header sys/inttypes.h
==>
#include <sys/inttypes.h>

int main() {
	return 0;
}

<==
[1/2] [32mcxx: build/.conf_check_2ca1edb217ad9cef6c81468eb5adffbb/test.cpp -> build/.conf_check_2ca1edb217ad9cef6c81468eb5adffbb/testbuild/test.cpp.1.o
[0m
['/usr/local/gcc-6.2.0/bin/g++-6.2.0', '-O0', '-ggdb', '-g3', '-Wall', '-fstrict-aliasing', '-Wstrict-aliasing', '-Wno-error=deprecated-declarations', '-Wno-narrowing', '-DNS3_ASSERT_ENABLE', '-DNS3_LOG_ENABLE', '-DHAVE___UINT128_T=1', '-DINT64X64_USE_128=1', '-DHAVE_SYS_TYPES_H=1', '-DHAVE_SYS_STAT_H=1', '-DHAVE_DIRENT_H=1', '-DHAVE_STDLIB_H=1', '-DHAVE_GETENV=1', '-DHAVE_SIGNAL_H=1', '-DHAVE_PTHREAD_H=1', '-DHAVE_STDINT_H=1', '-DHAVE_INTTYPES_H=1', '../test.cpp', '-c', '-o', 'test.cpp.1.o']
err: ../test.cpp:1:26: fatal error: sys/inttypes.h: No such file or directory
 #include <sys/inttypes.h>
                          ^
compilation terminated.

from /Users/akshatha_g/Documents/ntu-dsi-dcn-ntu-dsi-dcn-04d826f/src/core: Test does not build: Traceback (most recent call last):
  File "/Users/akshatha_g/Documents/ntu-dsi-dcn-ntu-dsi-dcn-04d826f/.waf-1.6.7-0a94702c61504c487a251b8d0a04ca9a/waflib/Tools/c_config.py", line 435, in run_c_code
    bld.compile()
  File "/Users/akshatha_g/Documents/ntu-dsi-dcn-ntu-dsi-dcn-04d826f/.waf-1.6.7-0a94702c61504c487a251b8d0a04ca9a/waflib/Build.py", line 193, in compile
    raise Errors.BuildError(self.producer.error)
BuildError: Build failed
 -> task failed (exit status 1): 
	{task 4324524176: cxx test.cpp -> test.cpp.1.o}
['/usr/local/gcc-6.2.0/bin/g++-6.2.0', '-O0', '-ggdb', '-g3', '-Wall', '-fstrict-aliasing', '-Wstrict-aliasing', '-Wno-error=deprecated-declarations', '-Wno-narrowing', '-DNS3_ASSERT_ENABLE', '-DNS3_LOG_ENABLE', '-DHAVE___UINT128_T=1', '-DINT64X64_USE_128=1', '-DHAVE_SYS_TYPES_H=1', '-DHAVE_SYS_STAT_H=1', '-DHAVE_DIRENT_H=1', '-DHAVE_STDLIB_H=1', '-DHAVE_GETENV=1', '-DHAVE_SIGNAL_H=1', '-DHAVE_PTHREAD_H=1', '-DHAVE_STDINT_H=1', '-DHAVE_INTTYPES_H=1', '../test.cpp', '-c', '-o', 'test.cpp.1.o']

not found
from /Users/akshatha_g/Documents/ntu-dsi-dcn-ntu-dsi-dcn-04d826f/src/core: The configuration failed
-------------------------------------------
Checking for library rt
==>

int main() {
	return 0;
}

<==
[1/2] [32mcxx: build/.conf_check_fc0bab0b855f90bf0795892663948c43/test.cpp -> build/.conf_check_fc0bab0b855f90bf0795892663948c43/testbuild/test.cpp.1.o
[0m
['/usr/local/gcc-6.2.0/bin/g++-6.2.0', '-O0', '-ggdb', '-g3', '-Wall', '-fstrict-aliasing', '-Wstrict-aliasing', '-Wno-error=deprecated-declarations', '-Wno-narrowing', '-DNS3_ASSERT_ENABLE', '-DNS3_LOG_ENABLE', '-DHAVE___UINT128_T=1', '-DINT64X64_USE_128=1', '-DHAVE_SYS_TYPES_H=1', '-DHAVE_SYS_STAT_H=1', '-DHAVE_DIRENT_H=1', '-DHAVE_STDLIB_H=1', '-DHAVE_GETENV=1', '-DHAVE_SIGNAL_H=1', '-DHAVE_PTHREAD_H=1', '-DHAVE_STDINT_H=1', '-DHAVE_INTTYPES_H=1', '../test.cpp', '-c', '-o', 'test.cpp.1.o']
[2/2] [33mcxxprogram: build/.conf_check_fc0bab0b855f90bf0795892663948c43/testbuild/test.cpp.1.o -> build/.conf_check_fc0bab0b855f90bf0795892663948c43/testbuild/testprog
[0m
['/usr/local/gcc-6.2.0/bin/g++-6.2.0', 'test.cpp.1.o', '-o', '/Users/akshatha_g/Documents/ntu-dsi-dcn-ntu-dsi-dcn-04d826f/build/.conf_check_fc0bab0b855f90bf0795892663948c43/testbuild/testprog', '-lrt']
err: ld: library not found for -lrt
collect2: error: ld returned 1 exit status

from /Users/akshatha_g/Documents/ntu-dsi-dcn-ntu-dsi-dcn-04d826f/src/core: Test does not build: Traceback (most recent call last):
  File "/Users/akshatha_g/Documents/ntu-dsi-dcn-ntu-dsi-dcn-04d826f/.waf-1.6.7-0a94702c61504c487a251b8d0a04ca9a/waflib/Tools/c_config.py", line 435, in run_c_code
    bld.compile()
  File "/Users/akshatha_g/Documents/ntu-dsi-dcn-ntu-dsi-dcn-04d826f/.waf-1.6.7-0a94702c61504c487a251b8d0a04ca9a/waflib/Build.py", line 193, in compile
    raise Errors.BuildError(self.producer.error)
BuildError: Build failed
 -> task failed (exit status 1): 
	{task 4324441232: cxxprogram test.cpp.1.o -> testprog}
['/usr/local/gcc-6.2.0/bin/g++-6.2.0', 'test.cpp.1.o', '-o', '/Users/akshatha_g/Documents/ntu-dsi-dcn-ntu-dsi-dcn-04d826f/build/.conf_check_fc0bab0b855f90bf0795892663948c43/testbuild/testprog', '-lrt']

not found
from /Users/akshatha_g/Documents/ntu-dsi-dcn-ntu-dsi-dcn-04d826f/src/core: The configuration failed
-------------------------------------------
Checking for header netpacket/packet.h
==>
#include <netpacket/packet.h>

int main() {
	return 0;
}

<==
[1/2] [32mcxx: build/.conf_check_0927534631877d46f179382e3e16c60a/test.cpp -> build/.conf_check_0927534631877d46f179382e3e16c60a/testbuild/test.cpp.1.o
[0m
['/usr/local/gcc-6.2.0/bin/g++-6.2.0', '-O0', '-ggdb', '-g3', '-Wall', '-fstrict-aliasing', '-Wstrict-aliasing', '-Wno-error=deprecated-declarations', '-Wno-narrowing', '-DNS3_ASSERT_ENABLE', '-DNS3_LOG_ENABLE', '../test.cpp', '-c', '-o', 'test.cpp.1.o']
err: ../test.cpp:1:30: fatal error: netpacket/packet.h: No such file or directory
 #include <netpacket/packet.h>
                              ^
compilation terminated.

from /Users/akshatha_g/Documents/ntu-dsi-dcn-ntu-dsi-dcn-04d826f/src/emu: Test does not build: Traceback (most recent call last):
  File "/Users/akshatha_g/Documents/ntu-dsi-dcn-ntu-dsi-dcn-04d826f/.waf-1.6.7-0a94702c61504c487a251b8d0a04ca9a/waflib/Tools/c_config.py", line 435, in run_c_code
    bld.compile()
  File "/Users/akshatha_g/Documents/ntu-dsi-dcn-ntu-dsi-dcn-04d826f/.waf-1.6.7-0a94702c61504c487a251b8d0a04ca9a/waflib/Build.py", line 193, in compile
    raise Errors.BuildError(self.producer.error)
BuildError: Build failed
 -> task failed (exit status 1): 
	{task 4324357008: cxx test.cpp -> test.cpp.1.o}
['/usr/local/gcc-6.2.0/bin/g++-6.2.0', '-O0', '-ggdb', '-g3', '-Wall', '-fstrict-aliasing', '-Wstrict-aliasing', '-Wno-error=deprecated-declarations', '-Wno-narrowing', '-DNS3_ASSERT_ENABLE', '-DNS3_LOG_ENABLE', '../test.cpp', '-c', '-o', 'test.cpp.1.o']

not found
from /Users/akshatha_g/Documents/ntu-dsi-dcn-ntu-dsi-dcn-04d826f/src/emu: The configuration failed
-------------------------------------------
Checking for NSC location
not found
-------------------------------------------
Checking for header sys/socket.h
==>
#include <sys/socket.h>

int main() {
	return 0;
}

<==
[1/2] [32mcxx: build/.conf_check_f620d214e7131b9899e39aa1327dd607/test.cpp -> build/.conf_check_f620d214e7131b9899e39aa1327dd607/testbuild/test.cpp.1.o
[0m
['/usr/local/gcc-6.2.0/bin/g++-6.2.0', '-O0', '-ggdb', '-g3', '-Wall', '-fstrict-aliasing', '-Wstrict-aliasing', '-Wno-error=deprecated-declarations', '-Wno-narrowing', '-DNS3_ASSERT_ENABLE', '-DNS3_LOG_ENABLE', '../test.cpp', '-c', '-o', 'test.cpp.1.o']
[2/2] [33mcxxprogram: build/.conf_check_f620d214e7131b9899e39aa1327dd607/testbuild/test.cpp.1.o -> build/.conf_check_f620d214e7131b9899e39aa1327dd607/testbuild/testprog
[0m
['/usr/local/gcc-6.2.0/bin/g++-6.2.0', 'test.cpp.1.o', '-o', '/Users/akshatha_g/Documents/ntu-dsi-dcn-ntu-dsi-dcn-04d826f/build/.conf_check_f620d214e7131b9899e39aa1327dd607/testbuild/testprog']
yes
-------------------------------------------
Checking for header netinet/in.h
==>
#include <netinet/in.h>

int main() {
	return 0;
}

<==
[1/2] [32mcxx: build/.conf_check_323c64456e3d4ab2a4101e6f5604e508/test.cpp -> build/.conf_check_323c64456e3d4ab2a4101e6f5604e508/testbuild/test.cpp.1.o
[0m
['/usr/local/gcc-6.2.0/bin/g++-6.2.0', '-O0', '-ggdb', '-g3', '-Wall', '-fstrict-aliasing', '-Wstrict-aliasing', '-Wno-error=deprecated-declarations', '-Wno-narrowing', '-DNS3_ASSERT_ENABLE', '-DNS3_LOG_ENABLE', '-DHAVE_SYS_SOCKET_H=1', '../test.cpp', '-c', '-o', 'test.cpp.1.o']
[2/2] [33mcxxprogram: build/.conf_check_323c64456e3d4ab2a4101e6f5604e508/testbuild/test.cpp.1.o -> build/.conf_check_323c64456e3d4ab2a4101e6f5604e508/testbuild/testprog
[0m
['/usr/local/gcc-6.2.0/bin/g++-6.2.0', 'test.cpp.1.o', '-o', '/Users/akshatha_g/Documents/ntu-dsi-dcn-ntu-dsi-dcn-04d826f/build/.conf_check_323c64456e3d4ab2a4101e6f5604e508/testbuild/testprog']
yes
-------------------------------------------
Checking boost includes
from /Users/akshatha_g/Documents/ntu-dsi-dcn-ntu-dsi-dcn-04d826f/src/openflow: headers not found, use --boost-includes=/path/to/boost
not found
-------------------------------------------
Checking for library sqlite3
==>

int main() {
	return 0;
}

<==
[1/2] [32mcxx: build/.conf_check_39b3cecfac3989b2ed760243cef109e6/test.cpp -> build/.conf_check_39b3cecfac3989b2ed760243cef109e6/testbuild/test.cpp.1.o
[0m
['/usr/local/gcc-6.2.0/bin/g++-6.2.0', '-O0', '-ggdb', '-g3', '-Wall', '-fstrict-aliasing', '-Wstrict-aliasing', '-Wno-error=deprecated-declarations', '-Wno-narrowing', '-DNS3_ASSERT_ENABLE', '-DNS3_LOG_ENABLE', '../test.cpp', '-c', '-o', 'test.cpp.1.o']
[2/2] [33mcxxprogram: build/.conf_check_39b3cecfac3989b2ed760243cef109e6/testbuild/test.cpp.1.o -> build/.conf_check_39b3cecfac3989b2ed760243cef109e6/testbuild/testprog
[0m
['/usr/local/gcc-6.2.0/bin/g++-6.2.0', 'test.cpp.1.o', '-o', '/Users/akshatha_g/Documents/ntu-dsi-dcn-ntu-dsi-dcn-04d826f/build/.conf_check_39b3cecfac3989b2ed760243cef109e6/testbuild/testprog', '-lsqlite3']
yes
-------------------------------------------
Checking for header linux/if_tun.h
==>
#include <linux/if_tun.h>

int main() {
	return 0;
}

<==
[1/2] [32mcxx: build/.conf_check_e2bf758aaca47858b67848f504a8de27/test.cpp -> build/.conf_check_e2bf758aaca47858b67848f504a8de27/testbuild/test.cpp.1.o
[0m
['/usr/local/gcc-6.2.0/bin/g++-6.2.0', '-O0', '-ggdb', '-g3', '-Wall', '-fstrict-aliasing', '-Wstrict-aliasing', '-Wno-error=deprecated-declarations', '-Wno-narrowing', '-DNS3_ASSERT_ENABLE', '-DNS3_LOG_ENABLE', '-DSQLITE3=1', '../test.cpp', '-c', '-o', 'test.cpp.1.o']
err: ../test.cpp:1:26: fatal error: linux/if_tun.h: No such file or directory
 #include <linux/if_tun.h>
                          ^
compilation terminated.

from /Users/akshatha_g/Documents/ntu-dsi-dcn-ntu-dsi-dcn-04d826f/src/tap-bridge: Test does not build: Traceback (most recent call last):
  File "/Users/akshatha_g/Documents/ntu-dsi-dcn-ntu-dsi-dcn-04d826f/.waf-1.6.7-0a94702c61504c487a251b8d0a04ca9a/waflib/Tools/c_config.py", line 435, in run_c_code
    bld.compile()
  File "/Users/akshatha_g/Documents/ntu-dsi-dcn-ntu-dsi-dcn-04d826f/.waf-1.6.7-0a94702c61504c487a251b8d0a04ca9a/waflib/Build.py", line 193, in compile
    raise Errors.BuildError(self.producer.error)
BuildError: Build failed
 -> task failed (exit status 1): 
	{task 4324527120: cxx test.cpp -> test.cpp.1.o}
['/usr/local/gcc-6.2.0/bin/g++-6.2.0', '-O0', '-ggdb', '-g3', '-Wall', '-fstrict-aliasing', '-Wstrict-aliasing', '-Wno-error=deprecated-declarations', '-Wno-narrowing', '-DNS3_ASSERT_ENABLE', '-DNS3_LOG_ENABLE', '-DSQLITE3=1', '../test.cpp', '-c', '-o', 'test.cpp.1.o']

not found
from /Users/akshatha_g/Documents/ntu-dsi-dcn-ntu-dsi-dcn-04d826f/src/tap-bridge: The configuration failed
-------------------------------------------
Checking for program python
/usr/bin/python
find program=['python'] paths=['/usr/local/bin', '/usr/bin', '/bin', '/usr/sbin', '/sbin', '/opt/X11/bin', '/usr/local/gcc-6.2.0/bin'] var='PYTHON' -> '/usr/bin/python'
['/usr/bin/python', '-c', 'import sys\nfor x in sys.version_info: print(str(x))']
out: 2
7
10
final
0

['/usr/bin/python', '-c', "from distutils.sysconfig import get_python_lib\n\nprint(repr(get_python_lib(standard_lib=0, prefix='/usr/local') or ''))"]
out: '/usr/local/lib/python2.7/site-packages'

['/usr/bin/python', '-c', "from distutils.sysconfig import get_python_lib\n\nprint(repr(get_python_lib(plat_specific=1, standard_lib=0, prefix='/usr/local') or ''))"]
out: '/usr/local/lib/python2.7/site-packages'

-------------------------------------------
Checking for python version
(2, 7, 10, 'final', 0)
['/usr/bin/python', '-c', "from distutils.sysconfig import get_config_var\n\nprint(repr(get_config_var('prefix') or ''))\nprint(repr(get_config_var('SO') or ''))\nprint(repr(get_config_var('LDFLAGS') or ''))\nprint(repr(get_config_var('LIBDIR') or ''))\nprint(repr(get_config_var('LIBPL') or ''))\nprint(repr(get_config_var('INCLUDEPY') or ''))\nprint(repr(get_config_var('Py_ENABLE_SHARED') or ''))\nprint(repr(get_config_var('MACOSX_DEPLOYMENT_TARGET') or ''))\nprint(repr(get_config_var('LDSHARED') or ''))\nprint(repr(get_config_var('CFLAGS') or ''))"]
out: '/System/Library/Frameworks/Python.framework/Versions/2.7'
'.so'
'-arch x86_64 -arch i386            -Wl,-F.'
'/System/Library/Frameworks/Python.framework/Versions/2.7/lib'
'/System/Library/Frameworks/Python.framework/Versions/2.7/lib/python2.7/config'
'/System/Library/Frameworks/Python.framework/Versions/2.7/include/python2.7'
''
'10.10'
'cc -bundle -undefined dynamic_lookup -arch x86_64 -arch i386            -Wl,-F.'
'-fno-strict-aliasing -fno-common -dynamic -arch x86_64 -arch i386 -g -Os -pipe -fno-common -fno-strict-aliasing -fwrapv -DENABLE_DTRACE -DMACOSX -DNDEBUG -Wall -Wstrict-prototypes -Wshorten-64-to-32 -DNDEBUG -g -fwrapv -Os -Wall -Wstrict-prototypes -DENABLE_DTRACE'

Configuration returned from ['/usr/bin/python']:
"prefix = '/System/Library/Frameworks/Python.framework/Versions/2.7'\nSO = '.so'\nLDFLAGS = '-arch x86_64 -arch i386            -Wl,-F.'\nLIBDIR = '/System/Library/Frameworks/Python.framework/Versions/2.7/lib'\nLIBPL = '/System/Library/Frameworks/Python.framework/Versions/2.7/lib/python2.7/config'\nINCLUDEPY = '/System/Library/Frameworks/Python.framework/Versions/2.7/include/python2.7'\nPy_ENABLE_SHARED = ''\nMACOSX_DEPLOYMENT_TARGET = '10.10'\nLDSHARED = 'cc -bundle -undefined dynamic_lookup -arch x86_64 -arch i386            -Wl,-F.'\nCFLAGS = '-fno-strict-aliasing -fno-common -dynamic -arch x86_64 -arch i386 -g -Os -pipe -fno-common -fno-strict-aliasing -fwrapv -DENABLE_DTRACE -DMACOSX -DNDEBUG -Wall -Wstrict-prototypes -Wshorten-64-to-32 -DNDEBUG -g -fwrapv -Os -Wall -Wstrict-prototypes -DENABLE_DTRACE'"



# try again with -L$python_LIBDIR: ['/System/Library/Frameworks/Python.framework/Versions/2.7/lib']

-------------------------------------------
Checking for library python2.7 in LIBDIR
==>

int main() {
	return 0;
}

<==
[1/2] [32mcxx: build/.conf_check_aeb07c245678637fa810b7d99f741b24/test.cpp -> build/.conf_check_aeb07c245678637fa810b7d99f741b24/testbuild/test.cpp.1.o
[0m
['/usr/local/gcc-6.2.0/bin/g++-6.2.0', '-O0', '-ggdb', '-g3', '-Wall', '-fstrict-aliasing', '-Wstrict-aliasing', '-Wno-error=deprecated-declarations', '-Wno-narrowing', '-arch', 'x86_64', '-arch', 'i386', '-fno-strict-aliasing', '-fno-common', '-dynamic', '-arch', 'x86_64', '-arch', 'i386', '-fno-common', '-fno-strict-aliasing', '-fwrapv', '-fwrapv', '-DNS3_ASSERT_ENABLE', '-DNS3_LOG_ENABLE', '-DSQLITE3=1', '-DPYTHONDIR="/usr/local/lib/python2.7/site-packages"', '-DPYTHONARCHDIR="/usr/local/lib/python2.7/site-packages"', '-DENABLE_DTRACE', '-DMACOSX', '-DNDEBUG', '-DNDEBUG', '-DENABLE_DTRACE', '../test.cpp', '-c', '-o', 'test.cpp.1.o']
err: g++-6.2.0: warning: x86_64 conflicts with i386 (arch flags ignored)

[2/2] [33mcxxprogram: build/.conf_check_aeb07c245678637fa810b7d99f741b24/testbuild/test.cpp.1.o -> build/.conf_check_aeb07c245678637fa810b7d99f741b24/testbuild/testprog
[0m
['/usr/local/gcc-6.2.0/bin/g++-6.2.0', 'test.cpp.1.o', '-o', '/Users/akshatha_g/Documents/ntu-dsi-dcn-ntu-dsi-dcn-04d826f/build/.conf_check_aeb07c245678637fa810b7d99f741b24/testbuild/testprog', '-L/System/Library/Frameworks/Python.framework/Versions/2.7/lib', '-lpython2.7', '-arch', 'x86_64', '-arch', 'i386', '-Wl,-F.', '-arch', 'x86_64', '-arch', 'i386']
err: g++-6.2.0: warning: x86_64 conflicts with i386 (arch flags ignored)

yes
-------------------------------------------------------------------------
Checking for program python2.7-config,python-config-2.7,python2.7m-config
/usr/bin/python2.7-config
find program=['python2.7-config', 'python-config-2.7', 'python2.7m-config'] paths=['/usr/local/bin', '/usr/bin', '/bin', '/usr/sbin', '/sbin', '/opt/X11/bin', '/usr/local/gcc-6.2.0/bin'] var='PYTHON_CONFIG' -> '/usr/bin/python2.7-config'
['/usr/bin/python2.7-config', '--includes']
out: -I/System/Library/Frameworks/Python.framework/Versions/2.7/include/python2.7 -I/System/Library/Frameworks/Python.framework/Versions/2.7/include/python2.7

Include path for Python extensions (found via python-config --includes): ['/System/Library/Frameworks/Python.framework/Versions/2.7/include/python2.7']

-------------------------------------------------------------------------
Checking for header Python.h
==>

#include <Python.h>
#ifdef __cplusplus
extern "C" {
#endif
	void Py_Initialize(void);
	void Py_Finalize(void);
#ifdef __cplusplus
}
#endif
int main()
{
   Py_Initialize();
   Py_Finalize();
   return 0;
}

<==
[1/2] [32mcxx: build/.conf_check_d6c8946949ece91ce43c989711393fec/test.cpp -> build/.conf_check_d6c8946949ece91ce43c989711393fec/testbuild/test.cpp.1.o
[0m
['/usr/local/gcc-6.2.0/bin/g++-6.2.0', '-O0', '-ggdb', '-g3', '-Wall', '-fstrict-aliasing', '-Wstrict-aliasing', '-Wno-error=deprecated-declarations', '-Wno-narrowing', '-arch', 'x86_64', '-arch', 'i386', '-fno-strict-aliasing', '-fno-common', '-dynamic', '-arch', 'x86_64', '-arch', 'i386', '-fno-common', '-fno-strict-aliasing', '-fwrapv', '-fwrapv', '-fno-strict-aliasing', '-I/System/Library/Frameworks/Python.framework/Versions/2.7/include/python2.7', '-DNS3_ASSERT_ENABLE', '-DNS3_LOG_ENABLE', '-DSQLITE3=1', '-DPYTHONDIR="/usr/local/lib/python2.7/site-packages"', '-DPYTHONARCHDIR="/usr/local/lib/python2.7/site-packages"', '-DENABLE_DTRACE', '-DMACOSX', '-DNDEBUG', '-DNDEBUG', '-DENABLE_DTRACE', '../test.cpp', '-c', '-o', 'test.cpp.1.o']
err: g++-6.2.0: warning: x86_64 conflicts with i386 (arch flags ignored)

[2/2] [33mcxxprogram: build/.conf_check_d6c8946949ece91ce43c989711393fec/testbuild/test.cpp.1.o -> build/.conf_check_d6c8946949ece91ce43c989711393fec/testbuild/testprog
[0m
['/usr/local/gcc-6.2.0/bin/g++-6.2.0', 'test.cpp.1.o', '-o', '/Users/akshatha_g/Documents/ntu-dsi-dcn-ntu-dsi-dcn-04d826f/build/.conf_check_d6c8946949ece91ce43c989711393fec/testbuild/testprog', '-L/System/Library/Frameworks/Python.framework/Versions/2.7/lib', '-lpython2.7', '-arch', 'x86_64', '-arch', 'i386', '-Wl,-F.', '-arch', 'x86_64', '-arch', 'i386']
err: g++-6.2.0: warning: x86_64 conflicts with i386 (arch flags ignored)

yes
-------------------------------------------------------------------------
Checking for compilation flag -fvisibility=hidden... support
==>
#include <stdio.h>
int main() { return 0; }

<==
[1/2] [32mcxx: build/.conf_check_fe0ca542f39064c5a14ee41a2e983996/test.cc -> build/.conf_check_fe0ca542f39064c5a14ee41a2e983996/testbuild/test.cc.1.o
[0m
['/usr/local/gcc-6.2.0/bin/g++-6.2.0', '-O0', '-ggdb', '-g3', '-Wall', '-fstrict-aliasing', '-Wstrict-aliasing', '-Wno-error=deprecated-declarations', '-Wno-narrowing', '-fvisibility=hidden', '-DNS3_ASSERT_ENABLE', '-DNS3_LOG_ENABLE', '-DSQLITE3=1', '-DPYTHONDIR="/usr/local/lib/python2.7/site-packages"', '-DPYTHONARCHDIR="/usr/local/lib/python2.7/site-packages"', '-DHAVE_PYTHON_H=1', '../test.cc', '-c', '-o', 'test.cc.1.o']
[2/2] [33mcxxprogram: build/.conf_check_fe0ca542f39064c5a14ee41a2e983996/testbuild/test.cc.1.o -> build/.conf_check_fe0ca542f39064c5a14ee41a2e983996/testbuild/testprog
[0m
['/usr/local/gcc-6.2.0/bin/g++-6.2.0', 'test.cc.1.o', '-o', '/Users/akshatha_g/Documents/ntu-dsi-dcn-ntu-dsi-dcn-04d826f/build/.conf_check_fe0ca542f39064c5a14ee41a2e983996/testbuild/testprog']
ok
-------------------------------------------------------------------------
Checking for pybindgen location
not found
-------------------------------------------------------------------------
Python module pybindgen
['/usr/bin/python', '-c', '\nimport pybindgen\nprint(1)\n']
err: Traceback (most recent call last):
  File "<string>", line 2, in <module>
ImportError: No module named pybindgen

not found
from /Users/akshatha_g/Documents/ntu-dsi-dcn-ntu-dsi-dcn-04d826f/bindings/python: Could not find the python module 'pybindgen'
-------------------------------------------------------------------------
Checking for program sudo
/usr/bin/sudo
find program=['sudo'] paths=['/usr/local/bin', '/usr/bin', '/bin', '/usr/sbin', '/sbin', '/opt/X11/bin', '/usr/local/gcc-6.2.0/bin'] var='SUDO' -> '/usr/bin/sudo'
-------------------------------------------------------------------------
Checking for program valgrind
/usr/local/bin/valgrind
find program=['valgrind'] paths=['/usr/local/bin', '/usr/bin', '/bin', '/usr/sbin', '/sbin', '/opt/X11/bin', '/usr/local/gcc-6.2.0/bin'] var='VALGRIND' -> '/usr/local/bin/valgrind'
from /Users/akshatha_g/Documents/ntu-dsi-dcn-ntu-dsi-dcn-04d826f: pkg-config is not available
-------------------------------------------------------------------------
Checking for program doxygen
not found
find program=['doxygen'] paths=['/usr/local/bin', '/usr/bin', '/bin', '/usr/sbin', '/sbin', '/opt/X11/bin', '/usr/local/gcc-6.2.0/bin'] var='DOXYGEN' -> ''
from /Users/akshatha_g/Documents/ntu-dsi-dcn-ntu-dsi-dcn-04d826f: Could not find the program doxygen
